[11-Oct-2024 14:29:04 Europe/Berlin] Error al consultar la familia por ID: SQLSTATE[42S22]: Column not found: 1054 Unknown column 'nombre' in 'field list'
[11-Oct-2024 14:29:04 Europe/Berlin] Error: No se encontró la familia con ID 9.
[11-Oct-2024 14:29:07 Europe/Berlin] Error al consultar la familia por ID: SQLSTATE[42S22]: Column not found: 1054 Unknown column 'nombre' in 'field list'
[11-Oct-2024 14:29:07 Europe/Berlin] Error: No se encontró la familia con ID 9.
[11-Oct-2024 14:29:19 Europe/Berlin] PHP Notice:  session_start(): Ignoring session_start() because a session is already active in C:\xampp2\htdocs\PROY\GastosEnFamilia\app\controlador\AuthController.php on line 122
[11-Oct-2024 14:29:20 Europe/Berlin] Sesión cerrada exitosamente.
[11-Oct-2024 14:29:25 Europe/Berlin] Iniciando sesión con superadmin: superadmin
[11-Oct-2024 14:29:25 Europe/Berlin] Usuario con alias superadmin ha iniciado sesión correctamente.
[11-Oct-2024 14:29:30 Europe/Berlin] Error al consultar la familia por ID: SQLSTATE[42S22]: Column not found: 1054 Unknown column 'nombre' in 'field list'
[11-Oct-2024 14:29:30 Europe/Berlin] Error: No se encontró la familia con ID 1.
[11-Oct-2024 14:29:31 Europe/Berlin] Error al consultar la familia por ID: SQLSTATE[42S22]: Column not found: 1054 Unknown column 'nombre' in 'field list'
[11-Oct-2024 14:29:31 Europe/Berlin] Error: No se encontró la familia con ID 1.
[11-Oct-2024 14:30:07 Europe/Berlin] Error al consultar la familia por ID: SQLSTATE[42S22]: Column not found: 1054 Unknown column 'nombre' in 'field list'
[11-Oct-2024 14:30:07 Europe/Berlin] Error: No se encontró la familia con ID 1.
[11-Oct-2024 14:30:10 Europe/Berlin] Error al consultar la familia por ID: SQLSTATE[42S22]: Column not found: 1054 Unknown column 'nombre' in 'field list'
[11-Oct-2024 14:30:10 Europe/Berlin] Error: No se encontró la familia con ID 1.
[11-Oct-2024 14:30:17 Europe/Berlin] PHP Notice:  session_start(): Ignoring session_start() because a session is already active in C:\xampp2\htdocs\PROY\GastosEnFamilia\app\controlador\AuthController.php on line 122
[11-Oct-2024 14:30:18 Europe/Berlin] Sesión cerrada exitosamente.
[11-Oct-2024 14:31:47 Europe/Berlin] Iniciando sesión con superadmin: superadmin
[11-Oct-2024 14:31:47 Europe/Berlin] Usuario con alias superadmin ha iniciado sesión correctamente.
[11-Oct-2024 14:31:53 Europe/Berlin] Error al consultar la familia por ID: SQLSTATE[42S22]: Column not found: 1054 Unknown column 'nombre' in 'field list'
[11-Oct-2024 14:31:53 Europe/Berlin] Error: No se encontró la familia con ID 9.
[11-Oct-2024 14:31:59 Europe/Berlin] Error al consultar la familia por ID: SQLSTATE[42S22]: Column not found: 1054 Unknown column 'nombre' in 'field list'
[11-Oct-2024 14:32:00 Europe/Berlin] Error: No se encontró la familia con ID 9.
[11-Oct-2024 14:32:02 Europe/Berlin] Error al consultar la familia por ID: SQLSTATE[42S22]: Column not found: 1054 Unknown column 'nombre' in 'field list'
[11-Oct-2024 14:32:02 Europe/Berlin] Error: No se encontró la familia con ID 10.
[11-Oct-2024 14:32:03 Europe/Berlin] Error al consultar la familia por ID: SQLSTATE[42S22]: Column not found: 1054 Unknown column 'nombre' in 'field list'
[11-Oct-2024 14:32:03 Europe/Berlin] Error: No se encontró la familia con ID 11.
[11-Oct-2024 14:32:05 Europe/Berlin] Error al consultar la familia por ID: SQLSTATE[42S22]: Column not found: 1054 Unknown column 'nombre' in 'field list'
[11-Oct-2024 14:32:05 Europe/Berlin] Error: No se encontró la familia con ID 1.
[11-Oct-2024 14:49:06 Europe/Berlin] Error al consultar la familia por ID: SQLSTATE[42S22]: Column not found: 1054 Unknown column 'idAdmin' in 'field list'
[11-Oct-2024 14:49:06 Europe/Berlin] Error: No se encontró la familia con ID 9.
[11-Oct-2024 14:49:08 Europe/Berlin] Error al consultar la familia por ID: SQLSTATE[42S22]: Column not found: 1054 Unknown column 'idAdmin' in 'field list'
[11-Oct-2024 14:49:08 Europe/Berlin] Error: No se encontró la familia con ID 9.
[11-Oct-2024 14:49:14 Europe/Berlin] Error al consultar la familia por ID: SQLSTATE[42S22]: Column not found: 1054 Unknown column 'idAdmin' in 'field list'
[11-Oct-2024 14:49:14 Europe/Berlin] Error: No se encontró la familia con ID 10.
[11-Oct-2024 14:49:15 Europe/Berlin] Error al consultar la familia por ID: SQLSTATE[42S22]: Column not found: 1054 Unknown column 'idAdmin' in 'field list'
[11-Oct-2024 14:49:15 Europe/Berlin] Error: No se encontró la familia con ID 11.
[11-Oct-2024 14:50:43 Europe/Berlin] PHP Warning:  Undefined variable $administradores in C:\xampp2\htdocs\PROY\GastosEnFamilia\web\templates\formCrearFamilia.php on line 26
[11-Oct-2024 14:50:44 Europe/Berlin] PHP Warning:  foreach() argument must be of type array|object, null given in C:\xampp2\htdocs\PROY\GastosEnFamilia\web\templates\formCrearFamilia.php on line 26
[11-Oct-2024 14:51:27 Europe/Berlin] PHP Warning:  Undefined variable $administradores in C:\xampp2\htdocs\PROY\GastosEnFamilia\web\templates\formCrearFamilia.php on line 26
[11-Oct-2024 14:51:27 Europe/Berlin] PHP Warning:  foreach() argument must be of type array|object, null given in C:\xampp2\htdocs\PROY\GastosEnFamilia\web\templates\formCrearFamilia.php on line 26
[11-Oct-2024 15:03:23 Europe/Berlin] PHP Notice:  session_start(): Ignoring session_start() because a session is already active in C:\xampp2\htdocs\PROY\GastosEnFamilia\app\controlador\AuthController.php on line 122
[11-Oct-2024 15:03:23 Europe/Berlin] Sesión cerrada exitosamente.
[11-Oct-2024 15:03:31 Europe/Berlin] Iniciando sesión con superadmin: superadmin
[11-Oct-2024 15:03:31 Europe/Berlin] Usuario con alias superadmin ha iniciado sesión correctamente.
[11-Oct-2024 15:04:03 Europe/Berlin] Familia 'Ortíz' creada correctamente.
[11-Oct-2024 15:04:09 Europe/Berlin] Error al consultar la familia por ID: SQLSTATE[42S22]: Column not found: 1054 Unknown column 'idAdmin' in 'field list'
[11-Oct-2024 15:04:09 Europe/Berlin] Error: No se encontró la familia con ID 12.
[11-Oct-2024 15:23:17 Europe/Berlin] PHP Warning:  Undefined variable $usuarios in C:\xampp2\htdocs\PROY\GastosEnFamilia\web\templates\formEditarFamilia.php on line 20
[11-Oct-2024 15:23:17 Europe/Berlin] PHP Warning:  foreach() argument must be of type array|object, null given in C:\xampp2\htdocs\PROY\GastosEnFamilia\web\templates\formEditarFamilia.php on line 20
[11-Oct-2024 15:23:22 Europe/Berlin] PHP Notice:  session_start(): Ignoring session_start() because a session is already active in C:\xampp2\htdocs\PROY\GastosEnFamilia\app\controlador\AuthController.php on line 122
[11-Oct-2024 15:23:22 Europe/Berlin] Sesión cerrada exitosamente.
[11-Oct-2024 15:23:33 Europe/Berlin] Iniciando sesión con superadmin: superadmin
[11-Oct-2024 15:23:33 Europe/Berlin] Usuario con alias superadmin ha iniciado sesión correctamente.
[11-Oct-2024 15:23:37 Europe/Berlin] PHP Warning:  Undefined variable $usuarios in C:\xampp2\htdocs\PROY\GastosEnFamilia\web\templates\formEditarFamilia.php on line 20
[11-Oct-2024 15:23:37 Europe/Berlin] PHP Warning:  foreach() argument must be of type array|object, null given in C:\xampp2\htdocs\PROY\GastosEnFamilia\web\templates\formEditarFamilia.php on line 20
[11-Oct-2024 15:26:38 Europe/Berlin] PHP Notice:  session_start(): Ignoring session_start() because a session is already active in C:\xampp2\htdocs\PROY\GastosEnFamilia\app\controlador\AuthController.php on line 122
[11-Oct-2024 15:26:38 Europe/Berlin] Sesión cerrada exitosamente.
[11-Oct-2024 15:26:46 Europe/Berlin] Iniciando sesión con superadmin: superadmin
[11-Oct-2024 15:26:47 Europe/Berlin] Usuario con alias superadmin ha iniciado sesión correctamente.
[11-Oct-2024 15:26:57 Europe/Berlin] Error al actualizar la familia: SQLSTATE[23000]: Integrity constraint violation: 1048 Column 'usuario' cannot be null
[11-Oct-2024 15:27:24 Europe/Berlin] Error al actualizar la familia: SQLSTATE[23000]: Integrity constraint violation: 1048 Column 'usuario' cannot be null
[11-Oct-2024 15:27:36 Europe/Berlin] Error al actualizar la familia: SQLSTATE[23000]: Integrity constraint violation: 1048 Column 'usuario' cannot be null
[11-Oct-2024 15:42:52 Europe/Berlin] PHP Notice:  session_start(): Ignoring session_start() because a session is already active in C:\xampp2\htdocs\PROY\GastosEnFamilia\app\controlador\AuthController.php on line 122
[11-Oct-2024 15:42:52 Europe/Berlin] Sesión cerrada exitosamente.
[11-Oct-2024 15:42:59 Europe/Berlin] Iniciando sesión con superadmin: superadmin
[11-Oct-2024 15:42:59 Europe/Berlin] Usuario con alias superadmin ha iniciado sesión correctamente.
[11-Oct-2024 15:43:23 Europe/Berlin] Error al actualizar la familia: SQLSTATE[23000]: Integrity constraint violation: 1048 Column 'usuario' cannot be null
[11-Oct-2024 15:43:47 Europe/Berlin] Error al actualizar la familia: SQLSTATE[23000]: Integrity constraint violation: 1048 Column 'usuario' cannot be null
[11-Oct-2024 15:47:29 Europe/Berlin] Familia 'Super Familia' creada correctamente.
[11-Oct-2024 15:50:02 Europe/Berlin] Familia 'Super Guay' creada correctamente.
[11-Oct-2024 15:50:15 Europe/Berlin] Error al actualizar la familia: SQLSTATE[23000]: Integrity constraint violation: 1048 Column 'usuario' cannot be null
[11-Oct-2024 16:05:01 Europe/Berlin] Familia 'PruebaFamiliaNueva' creada correctamente.
[11-Oct-2024 17:05:22 Europe/Berlin] Iniciando sesión con superadmin: superadmin
[11-Oct-2024 17:05:22 Europe/Berlin] Usuario con alias superadmin ha iniciado sesión correctamente.
[11-Oct-2024 17:05:34 Europe/Berlin] Error al consultar la familia por ID: SQLSTATE[42S22]: Column not found: 1054 Unknown column 'idAdmin' in 'field list'
[11-Oct-2024 17:05:34 Europe/Berlin] Error: No se encontró la familia con ID 14.
[11-Oct-2024 17:06:04 Europe/Berlin] PHP Notice:  session_start(): Ignoring session_start() because a session is already active in C:\xampp2\htdocs\PROY\GastosEnFamilia\app\controlador\AuthController.php on line 122
[11-Oct-2024 17:06:04 Europe/Berlin] Sesión cerrada exitosamente.
Acceso denegado para la ruta: inicio[11-Oct-2024 17:06:22 Europe/Berlin] Iniciando sesión con superadmin: superadmin
[11-Oct-2024 17:06:22 Europe/Berlin] Usuario con alias superadmin ha iniciado sesión correctamente.
[11-Oct-2024 17:07:27 Europe/Berlin] Familia 'Familia juan' creada correctamente.
[11-Oct-2024 17:07:34 Europe/Berlin] Error al consultar la familia por ID: SQLSTATE[42S22]: Column not found: 1054 Unknown column 'idAdmin' in 'field list'
[11-Oct-2024 17:07:34 Europe/Berlin] Error: No se encontró la familia con ID 16.
[11-Oct-2024 18:29:11 Europe/Berlin] Familia 'Famila paraProbar' creada correctamente.
[11-Oct-2024 18:29:16 Europe/Berlin] Error al consultar la familia por ID: SQLSTATE[42S22]: Column not found: 1054 Unknown column 'idAdmin' in 'field list'
[11-Oct-2024 18:29:16 Europe/Berlin] Error: No se encontró la familia con ID 17.
[11-Oct-2024 18:29:20 Europe/Berlin] Error al consultar la familia por ID: SQLSTATE[42S22]: Column not found: 1054 Unknown column 'idAdmin' in 'field list'
[11-Oct-2024 18:29:20 Europe/Berlin] Error: No se encontró la familia con ID 16.
[11-Oct-2024 18:29:53 Europe/Berlin] Error al consultar la familia por ID: SQLSTATE[42S22]: Column not found: 1054 Unknown column 'idAdmin' in 'field list'
[11-Oct-2024 18:29:53 Europe/Berlin] Error: No se encontró la familia con ID 17.
[11-Oct-2024 19:05:17 Europe/Berlin] Familia 'Otra Familia más' creada correctamente.
Ruta no encontrada: verGruposRuta no encontrada: verGruposRuta no encontrada: verGrupos[11-Oct-2024 19:54:32 Europe/Berlin] PHP Notice:  session_start(): Ignoring session_start() because a session is already active in C:\xampp2\htdocs\PROY\GastosEnFamilia\app\controlador\AuthController.php on line 122
[11-Oct-2024 19:54:32 Europe/Berlin] Sesión cerrada exitosamente.
[11-Oct-2024 19:56:38 Europe/Berlin] Iniciando sesión con superadmin: superadmin
[11-Oct-2024 19:56:39 Europe/Berlin] Usuario con alias superadmin ha iniciado sesión correctamente.
Ruta no encontrada: verAuditoria[11-Oct-2024 19:56:56 Europe/Berlin] Superadmin viendo situación financiera.
Ruta no encontrada: SituacionFinancieraController&action=verSituacion[11-Oct-2024 19:57:02 Europe/Berlin] Superadmin viendo situación financiera.
Ruta no encontrada: verCategoriasIngresosRuta no encontrada: verCategoriasIngresosRuta no encontrada: verGrupos[11-Oct-2024 19:59:43 Europe/Berlin] PHP Notice:  session_start(): Ignoring session_start() because a session is already active in C:\xampp2\htdocs\PROY\GastosEnFamilia\app\controlador\AuthController.php on line 122
[11-Oct-2024 19:59:44 Europe/Berlin] Sesión cerrada exitosamente.
Acceso denegado para la ruta: inicio[11-Oct-2024 19:59:54 Europe/Berlin] Iniciando sesión con superadmin: superadmin
[11-Oct-2024 19:59:54 Europe/Berlin] Usuario con alias superadmin ha iniciado sesión correctamente.
Ruta no encontrada: verGrupos[11-Oct-2024 20:03:26 Europe/Berlin] PHP Warning:  Undefined array key "administradores" in C:\xampp2\htdocs\PROY\GastosEnFamilia\web\templates\formEditarGrupo.php on line 19
[11-Oct-2024 20:03:26 Europe/Berlin] PHP Warning:  foreach() argument must be of type array|object, null given in C:\xampp2\htdocs\PROY\GastosEnFamilia\web\templates\formEditarGrupo.php on line 19
[11-Oct-2024 20:03:26 Europe/Berlin] PHP Warning:  Undefined array key "csrf_token" in C:\xampp2\htdocs\PROY\GastosEnFamilia\web\templates\formEditarGrupo.php on line 28
[11-Oct-2024 20:03:26 Europe/Berlin] PHP Deprecated:  htmlspecialchars(): Passing null to parameter #1 ($string) of type string is deprecated in C:\xampp2\htdocs\PROY\GastosEnFamilia\web\templates\formEditarGrupo.php on line 28
[11-Oct-2024 20:03:31 Europe/Berlin] PHP Warning:  Undefined array key "administradores" in C:\xampp2\htdocs\PROY\GastosEnFamilia\web\templates\formCrearGrupo.php on line 25
[11-Oct-2024 20:03:32 Europe/Berlin] PHP Warning:  foreach() argument must be of type array|object, null given in C:\xampp2\htdocs\PROY\GastosEnFamilia\web\templates\formCrearGrupo.php on line 25
[11-Oct-2024 20:03:32 Europe/Berlin] PHP Warning:  Undefined array key "csrf_token" in C:\xampp2\htdocs\PROY\GastosEnFamilia\web\templates\formCrearGrupo.php on line 34
[11-Oct-2024 20:03:32 Europe/Berlin] PHP Deprecated:  htmlspecialchars(): Passing null to parameter #1 ($string) of type string is deprecated in C:\xampp2\htdocs\PROY\GastosEnFamilia\web\templates\formCrearGrupo.php on line 34
[11-Oct-2024 20:04:53 Europe/Berlin] PHP Notice:  session_start(): Ignoring session_start() because a session is already active in C:\xampp2\htdocs\PROY\GastosEnFamilia\app\controlador\AuthController.php on line 122
[11-Oct-2024 20:04:54 Europe/Berlin] Sesión cerrada exitosamente.
[11-Oct-2024 20:05:01 Europe/Berlin] Iniciando sesión con superadmin: superadmin
[11-Oct-2024 20:05:01 Europe/Berlin] Usuario con alias superadmin ha iniciado sesión correctamente.
[11-Oct-2024 20:05:06 Europe/Berlin] PHP Warning:  Undefined array key "administradores" in C:\xampp2\htdocs\PROY\GastosEnFamilia\web\templates\formCrearGrupo.php on line 25
[11-Oct-2024 20:05:06 Europe/Berlin] PHP Warning:  foreach() argument must be of type array|object, null given in C:\xampp2\htdocs\PROY\GastosEnFamilia\web\templates\formCrearGrupo.php on line 25
[11-Oct-2024 20:05:06 Europe/Berlin] PHP Warning:  Undefined array key "csrf_token" in C:\xampp2\htdocs\PROY\GastosEnFamilia\web\templates\formCrearGrupo.php on line 34
[11-Oct-2024 20:05:06 Europe/Berlin] PHP Deprecated:  htmlspecialchars(): Passing null to parameter #1 ($string) of type string is deprecated in C:\xampp2\htdocs\PROY\GastosEnFamilia\web\templates\formCrearGrupo.php on line 34
[11-Oct-2024 20:07:15 Europe/Berlin] PHP Warning:  Undefined array key "administradores" in C:\xampp2\htdocs\PROY\GastosEnFamilia\web\templates\formCrearGrupo.php on line 25
[11-Oct-2024 20:07:15 Europe/Berlin] PHP Warning:  foreach() argument must be of type array|object, null given in C:\xampp2\htdocs\PROY\GastosEnFamilia\web\templates\formCrearGrupo.php on line 25
[11-Oct-2024 20:07:15 Europe/Berlin] PHP Warning:  Undefined array key "csrf_token" in C:\xampp2\htdocs\PROY\GastosEnFamilia\web\templates\formCrearGrupo.php on line 34
[11-Oct-2024 20:07:15 Europe/Berlin] PHP Deprecated:  htmlspecialchars(): Passing null to parameter #1 ($string) of type string is deprecated in C:\xampp2\htdocs\PROY\GastosEnFamilia\web\templates\formCrearGrupo.php on line 34
[11-Oct-2024 20:07:17 Europe/Berlin] PHP Warning:  Undefined array key "administradores" in C:\xampp2\htdocs\PROY\GastosEnFamilia\web\templates\formCrearGrupo.php on line 25
[11-Oct-2024 20:07:17 Europe/Berlin] PHP Warning:  foreach() argument must be of type array|object, null given in C:\xampp2\htdocs\PROY\GastosEnFamilia\web\templates\formCrearGrupo.php on line 25
[11-Oct-2024 20:07:17 Europe/Berlin] PHP Warning:  Undefined array key "csrf_token" in C:\xampp2\htdocs\PROY\GastosEnFamilia\web\templates\formCrearGrupo.php on line 34
[11-Oct-2024 20:07:17 Europe/Berlin] PHP Deprecated:  htmlspecialchars(): Passing null to parameter #1 ($string) of type string is deprecated in C:\xampp2\htdocs\PROY\GastosEnFamilia\web\templates\formCrearGrupo.php on line 34
[11-Oct-2024 20:08:16 Europe/Berlin] PHP Notice:  session_start(): Ignoring session_start() because a session is already active in C:\xampp2\htdocs\PROY\GastosEnFamilia\app\controlador\AuthController.php on line 122
[11-Oct-2024 20:08:17 Europe/Berlin] Sesión cerrada exitosamente.
[11-Oct-2024 20:08:24 Europe/Berlin] Iniciando sesión con superadmin: superadmin
[11-Oct-2024 20:08:24 Europe/Berlin] Usuario con alias superadmin ha iniciado sesión correctamente.
[11-Oct-2024 20:08:32 Europe/Berlin] PHP Warning:  Undefined array key "administradores" in C:\xampp2\htdocs\PROY\GastosEnFamilia\web\templates\formCrearGrupo.php on line 25
[11-Oct-2024 20:08:32 Europe/Berlin] PHP Warning:  foreach() argument must be of type array|object, null given in C:\xampp2\htdocs\PROY\GastosEnFamilia\web\templates\formCrearGrupo.php on line 25
[11-Oct-2024 20:08:32 Europe/Berlin] PHP Warning:  Undefined array key "csrf_token" in C:\xampp2\htdocs\PROY\GastosEnFamilia\web\templates\formCrearGrupo.php on line 34
[11-Oct-2024 20:08:32 Europe/Berlin] PHP Deprecated:  htmlspecialchars(): Passing null to parameter #1 ($string) of type string is deprecated in C:\xampp2\htdocs\PROY\GastosEnFamilia\web\templates\formCrearGrupo.php on line 34
Ruta no encontrada: FamiliaGrupoControllerRuta no encontrada: FamiliaGrupoControllerRuta no encontrada: FamiliaGrupoController[11-Oct-2024 20:16:07 Europe/Berlin] PHP Notice:  session_start(): Ignoring session_start() because a session is already active in C:\xampp2\htdocs\PROY\GastosEnFamilia\app\controlador\AuthController.php on line 122
[11-Oct-2024 20:16:07 Europe/Berlin] Sesión cerrada exitosamente.
[11-Oct-2024 20:16:13 Europe/Berlin] Iniciando sesión con superadmin: superadmin
[11-Oct-2024 20:16:13 Europe/Berlin] Usuario con alias superadmin ha iniciado sesión correctamente.
[11-Oct-2024 20:17:00 Europe/Berlin] Error en crearGrupo(): SQLSTATE[23000]: Integrity constraint violation: 1048 Column 'usuario' cannot be null
[11-Oct-2024 20:46:16 Europe/Berlin] Iniciando sesión con superadmin: superadmin
[11-Oct-2024 20:46:16 Europe/Berlin] Usuario con alias superadmin ha iniciado sesión correctamente.
[11-Oct-2024 20:46:54 Europe/Berlin] Error en crearGrupo(): SQLSTATE[23000]: Integrity constraint violation: 1048 Column 'usuario' cannot be null
[12-Oct-2024 13:10:12 Europe/Berlin] Iniciando sesión con superadmin: superadmin
[12-Oct-2024 13:10:12 Europe/Berlin] Usuario con alias superadmin ha iniciado sesión correctamente.
[12-Oct-2024 13:23:57 Europe/Berlin] PHP Notice:  session_start(): Ignoring session_start() because a session is already active in C:\xampp2\htdocs\PROY\GastosEnFamilia\app\controlador\AuthController.php on line 122
[12-Oct-2024 13:23:57 Europe/Berlin] Sesión cerrada exitosamente.
[12-Oct-2024 13:24:04 Europe/Berlin] Iniciando sesión con superadmin: superadmin
[12-Oct-2024 13:24:04 Europe/Berlin] Usuario con alias superadmin ha iniciado sesión correctamente.
Modo debug activo, mostrando errores en pantallaRuta encontrada: crearGrupoEjecutando acción: crearGrupo en FamiliaGrupoControllerModo debug activo, mostrando errores en pantallaRuta encontrada: salirEjecutando acción: salir en AuthController[12-Oct-2024 13:52:57 Europe/Berlin] PHP Notice:  session_start(): Ignoring session_start() because a session is already active in C:\xampp2\htdocs\PROY\GastosEnFamilia\app\controlador\AuthController.php on line 122
[12-Oct-2024 13:52:57 Europe/Berlin] Sesión cerrada exitosamente.
Modo debug activo, mostrando errores en pantallaNivel de usuario no definido, asignado a 0Ruta encontrada: homeEjecutando acción: home en AuthControllerModo debug activo, mostrando errores en pantallaRuta encontrada: iniciarSesionEjecutando acción: iniciarSesion en AuthControllerModo debug activo, mostrando errores en pantallaRuta encontrada: iniciarSesionEjecutando acción: iniciarSesion en AuthController[12-Oct-2024 13:53:04 Europe/Berlin] Iniciando sesión con superadmin: superadmin
[12-Oct-2024 13:53:04 Europe/Berlin] Usuario con alias superadmin ha iniciado sesión correctamente.
Modo debug activo, mostrando errores en pantallaRuta encontrada: inicioEjecutando acción: inicio en AuthControllerModo debug activo, mostrando errores en pantallaRuta no encontrada: verGruposModo debug activo, mostrando errores en pantallaRuta encontrada: inicioEjecutando acción: inicio en AuthControllerModo debug activo, mostrando errores en pantallaRuta no encontrada: verGruposModo debug activo, mostrando errores en pantallaRuta encontrada: verGruposEjecutando acción: listarGrupos en FamiliaGrupoControllerModo debug activo, mostrando errores en pantallaRuta encontrada: formCrearGrupoEjecutando acción: formCrearGrupo en FamiliaGrupoControllerModo debug activo, mostrando errores en pantallaRuta encontrada: crearGrupoEjecutando acción: crearGrupo en FamiliaGrupoControllerModo debug activo, mostrando errores en pantallaRuta encontrada: salirEjecutando acción: salir en AuthController[12-Oct-2024 13:57:39 Europe/Berlin] PHP Notice:  session_start(): Ignoring session_start() because a session is already active in C:\xampp2\htdocs\PROY\GastosEnFamilia\app\controlador\AuthController.php on line 122
[12-Oct-2024 13:57:39 Europe/Berlin] Sesión cerrada exitosamente.
Modo debug activo, mostrando errores en pantallaNivel de usuario no definido, asignado a 0Ruta encontrada: homeEjecutando acción: home en AuthControllerModo debug activo, mostrando errores en pantallaRuta encontrada: iniciarSesionEjecutando acción: iniciarSesion en AuthControllerModo debug activo, mostrando errores en pantallaRuta encontrada: iniciarSesionEjecutando acción: iniciarSesion en AuthController[12-Oct-2024 13:57:59 Europe/Berlin] Iniciando sesión con superadmin: superadmin
[12-Oct-2024 13:57:59 Europe/Berlin] Usuario con alias superadmin ha iniciado sesión correctamente.
Modo debug activo, mostrando errores en pantallaRuta encontrada: inicioEjecutando acción: inicio en AuthControllerModo debug activo, mostrando errores en pantallaRuta encontrada: verGruposEjecutando acción: listarGrupos en FamiliaGrupoControllerModo debug activo, mostrando errores en pantallaRuta encontrada: formCrearGrupoEjecutando acción: formCrearGrupo en FamiliaGrupoControllerModo debug activo, mostrando errores en pantallaRuta encontrada: crearGrupoEjecutando acción: crearGrupo en FamiliaGrupoController[12-Oct-2024 13:58:29 Europe/Berlin] Grupo 'Grupito' creado correctamente.
Modo debug activo, mostrando errores en pantallaRuta encontrada: listarGruposEjecutando acción: listarGrupos en FamiliaGrupoControllerModo debug activo, mostrando errores en pantallaRuta encontrada: editarGrupoEjecutando acción: editarGrupo en FamiliaGrupoController[12-Oct-2024 13:58:36 Europe/Berlin] PHP Warning:  Undefined array key "administradores" in C:\xampp2\htdocs\PROY\GastosEnFamilia\web\templates\formEditarGrupo.php on line 19
[12-Oct-2024 13:58:36 Europe/Berlin] PHP Warning:  foreach() argument must be of type array|object, null given in C:\xampp2\htdocs\PROY\GastosEnFamilia\web\templates\formEditarGrupo.php on line 19
[12-Oct-2024 13:58:36 Europe/Berlin] PHP Warning:  Undefined array key "csrf_token" in C:\xampp2\htdocs\PROY\GastosEnFamilia\web\templates\formEditarGrupo.php on line 28
[12-Oct-2024 13:58:36 Europe/Berlin] PHP Deprecated:  htmlspecialchars(): Passing null to parameter #1 ($string) of type string is deprecated in C:\xampp2\htdocs\PROY\GastosEnFamilia\web\templates\formEditarGrupo.php on line 28
Modo debug activo, mostrando errores en pantallaRuta encontrada: editarGrupoEjecutando acción: editarGrupo en FamiliaGrupoController[12-Oct-2024 14:06:19 Europe/Berlin] PHP Fatal error:  Uncaught Error: Call to undefined function generarTokenCSRF() in C:\xampp2\htdocs\PROY\GastosEnFamilia\app\controlador\FamiliaGrupoController.php:313
Stack trace:
#0 C:\xampp2\htdocs\PROY\GastosEnFamilia\index.php(127): FamiliaGrupoController->editarGrupo()
#1 {main}
  thrown in C:\xampp2\htdocs\PROY\GastosEnFamilia\app\controlador\FamiliaGrupoController.php on line 313
Modo debug activo, mostrando errores en pantallaRuta encontrada: editarGrupoEjecutando acción: editarGrupo en FamiliaGrupoController[12-Oct-2024 14:06:56 Europe/Berlin] PHP Fatal error:  Uncaught Error: Call to undefined function generarTokenCSRF() in C:\xampp2\htdocs\PROY\GastosEnFamilia\app\controlador\FamiliaGrupoController.php:313
Stack trace:
#0 C:\xampp2\htdocs\PROY\GastosEnFamilia\index.php(127): FamiliaGrupoController->editarGrupo()
#1 {main}
  thrown in C:\xampp2\htdocs\PROY\GastosEnFamilia\app\controlador\FamiliaGrupoController.php on line 313
Modo debug activo, mostrando errores en pantallaRuta encontrada: editarGrupoEjecutando acción: editarGrupo en FamiliaGrupoControllerModo debug activo, mostrando errores en pantallaRuta no encontrada: FamiliaGrupoControllerModo debug activo, mostrando errores en pantallaRuta por defecto 'home' asignadaEjecutando acción: home en AuthControllerModo debug activo, mostrando errores en pantallaRuta encontrada: inicioEjecutando acción: inicio en AuthControllerModo debug activo, mostrando errores en pantallaRuta encontrada: salirEjecutando acción: salir en AuthController[12-Oct-2024 14:17:26 Europe/Berlin] PHP Notice:  session_start(): Ignoring session_start() because a session is already active in C:\xampp2\htdocs\PROY\GastosEnFamilia\app\controlador\AuthController.php on line 122
[12-Oct-2024 14:17:26 Europe/Berlin] Sesión cerrada exitosamente.
Modo debug activo, mostrando errores en pantallaNivel de usuario no definido, asignado a 0Ruta encontrada: homeEjecutando acción: home en AuthControllerModo debug activo, mostrando errores en pantallaRuta encontrada: iniciarSesionEjecutando acción: iniciarSesion en AuthControllerModo debug activo, mostrando errores en pantallaRuta encontrada: iniciarSesionEjecutando acción: iniciarSesion en AuthController[12-Oct-2024 14:17:35 Europe/Berlin] Iniciando sesión con superadmin: superadmin
[12-Oct-2024 14:17:36 Europe/Berlin] Usuario con alias superadmin ha iniciado sesión correctamente.
Modo debug activo, mostrando errores en pantallaRuta encontrada: inicioEjecutando acción: inicio en AuthControllerModo debug activo, mostrando errores en pantallaRuta encontrada: verGruposEjecutando acción: listarGrupos en FamiliaGrupoControllerModo debug activo, mostrando errores en pantallaRuta encontrada: editarGrupoEjecutando acción: editarGrupo en FamiliaGrupoControllerModo debug activo, mostrando errores en pantallaRuta no encontrada: FamiliaGrupoControllerModo debug activo, mostrando errores en pantallaRuta no encontrada: FamiliaGrupoControllerModo debug activo, mostrando errores en pantallaRuta encontrada: editarGrupoEjecutando acción: editarGrupo en FamiliaGrupoControllerModo debug activo, mostrando errores en pantallaRuta encontrada: editarGrupoEjecutando acción: editarGrupo en FamiliaGrupoController[12-Oct-2024 14:20:59 Europe/Berlin] Grupo 'Grupito' actualizado correctamente con el administrador ID: 2.
Modo debug activo, mostrando errores en pantallaRuta encontrada: listarGruposEjecutando acción: listarGrupos en FamiliaGrupoControllerModo debug activo, mostrando errores en pantallaRuta encontrada: editarGrupoEjecutando acción: editarGrupo en FamiliaGrupoControllerModo debug activo, mostrando errores en pantallaRuta encontrada: editarGrupoEjecutando acción: editarGrupo en FamiliaGrupoControllerModo debug activo, mostrando errores en pantallaRuta encontrada: editarGrupoEjecutando acción: editarGrupo en FamiliaGrupoController[12-Oct-2024 14:21:29 Europe/Berlin] Grupo 'Grupitoo' actualizado correctamente con el administrador ID: 2.
Modo debug activo, mostrando errores en pantallaRuta encontrada: listarGruposEjecutando acción: listarGrupos en FamiliaGrupoControllerModo debug activo, mostrando errores en pantallaRuta encontrada: editarGrupoEjecutando acción: editarGrupo en FamiliaGrupoControllerModo debug activo, mostrando errores en pantallaRuta encontrada: editarGrupoEjecutando acción: editarGrupo en FamiliaGrupoController[12-Oct-2024 14:21:46 Europe/Berlin] Grupo 'Grupitoo' actualizado correctamente con el administrador ID: 11.
Modo debug activo, mostrando errores en pantallaRuta encontrada: listarGruposEjecutando acción: listarGrupos en FamiliaGrupoControllerModo debug activo, mostrando errores en pantallaRuta encontrada: editarGrupoEjecutando acción: editarGrupo en FamiliaGrupoControllerModo debug activo, mostrando errores en pantallaRuta encontrada: editarGrupoEjecutando acción: editarGrupo en FamiliaGrupoController[12-Oct-2024 14:22:01 Europe/Berlin] Grupo 'Grupitoolllll' actualizado correctamente con el administrador ID: 16.
Modo debug activo, mostrando errores en pantallaRuta encontrada: listarGruposEjecutando acción: listarGrupos en FamiliaGrupoControllerModo debug activo, mostrando errores en pantallaRuta encontrada: editarGrupoEjecutando acción: editarGrupo en FamiliaGrupoControllerModo debug activo, mostrando errores en pantallaRuta encontrada: editarGrupoEjecutando acción: editarGrupo en FamiliaGrupoController[12-Oct-2024 14:23:12 Europe/Berlin] Grupo 'Grupitoo lllll' actualizado correctamente con el administrador ID: 16.
Modo debug activo, mostrando errores en pantallaRuta encontrada: listarGruposEjecutando acción: listarGrupos en FamiliaGrupoControllerModo debug activo, mostrando errores en pantallaRuta encontrada: editarGrupoEjecutando acción: editarGrupo en FamiliaGrupoControllerModo debug activo, mostrando errores en pantallaRuta encontrada: editarGrupoEjecutando acción: editarGrupo en FamiliaGrupoControllerModo debug activo, mostrando errores en pantallaRuta encontrada: editarGrupoEjecutando acción: editarGrupo en FamiliaGrupoControllerModo debug activo, mostrando errores en pantallaRuta no encontrada: verAuditoriaModo debug activo, mostrando errores en pantallaRuta encontrada: editarGrupoEjecutando acción: editarGrupo en FamiliaGrupoControllerModo debug activo, mostrando errores en pantallaRuta encontrada: verSituacionEjecutando acción: verSituacion en SituacionFinancieraController[12-Oct-2024 14:49:16 Europe/Berlin] Superadmin viendo situación financiera.
Modo debug activo, mostrando errores en pantallaRuta no encontrada: SituacionFinancieraController&action=verSituacionModo debug activo, mostrando errores en pantallaRuta encontrada: verSituacionEjecutando acción: verSituacion en SituacionFinancieraController[12-Oct-2024 14:49:35 Europe/Berlin] Superadmin viendo situación financiera.
Modo debug activo, mostrando errores en pantallaRuta encontrada: verGruposEjecutando acción: listarGrupos en FamiliaGrupoControllerModo debug activo, mostrando errores en pantallaRuta encontrada: editarGrupoEjecutando acción: editarGrupo en FamiliaGrupoControllerModo debug activo, mostrando errores en pantallaRuta encontrada: editarGrupoEjecutando acción: editarGrupo en FamiliaGrupoControllerModo debug activo, mostrando errores en pantallaRuta encontrada: salirEjecutando acción: salir en AuthController[12-Oct-2024 14:51:06 Europe/Berlin] PHP Notice:  session_start(): Ignoring session_start() because a session is already active in C:\xampp2\htdocs\PROY\GastosEnFamilia\app\controlador\AuthController.php on line 122
[12-Oct-2024 14:51:06 Europe/Berlin] Sesión cerrada exitosamente.
Modo debug activo, mostrando errores en pantallaNivel de usuario no definido, asignado a 0Ruta encontrada: homeEjecutando acción: home en AuthControllerModo debug activo, mostrando errores en pantallaRuta encontrada: iniciarSesionEjecutando acción: iniciarSesion en AuthControllerModo debug activo, mostrando errores en pantallaRuta encontrada: iniciarSesionEjecutando acción: iniciarSesion en AuthController[12-Oct-2024 14:51:13 Europe/Berlin] Iniciando sesión con superadmin: superadmin
[12-Oct-2024 14:51:13 Europe/Berlin] Usuario con alias superadmin ha iniciado sesión correctamente.
Modo debug activo, mostrando errores en pantallaRuta encontrada: inicioEjecutando acción: inicio en AuthControllerModo debug activo, mostrando errores en pantallaRuta encontrada: verGruposEjecutando acción: listarGrupos en FamiliaGrupoControllerModo debug activo, mostrando errores en pantallaRuta encontrada: editarGrupoEjecutando acción: editarGrupo en FamiliaGrupoControllerModo debug activo, mostrando errores en pantallaRuta encontrada: editarGrupoEjecutando acción: editarGrupo en FamiliaGrupoController