[30-Sep-2024 17:17:23 Europe/Berlin] Administrador viendo situación financiera.
[30-Sep-2024 17:17:32 Europe/Berlin] Administrador viendo situación financiera.
[30-Sep-2024 17:17:37 Europe/Berlin] Administrador viendo situación financiera.
[30-Sep-2024 17:18:48 Europe/Berlin] Administrador viendo situación financiera.
[30-Sep-2024 17:18:53 Europe/Berlin] Administrador viendo situación financiera.
[30-Sep-2024 17:27:17 Europe/Berlin] PHP Warning:  Undefined array key "csrf_token" in C:\xampp\htdocs\DWES\GastosEnFamilia\web\templates\formEditarGasto.php on line 49
[30-Sep-2024 17:27:40 Europe/Berlin] PHP Warning:  Undefined array key "csrf_token" in C:\xampp\htdocs\DWES\GastosEnFamilia\web\templates\formEditarGasto.php on line 49
[30-Sep-2024 17:27:46 Europe/Berlin] PHP Warning:  Undefined array key "csrf_token" in C:\xampp\htdocs\DWES\GastosEnFamilia\web\templates\formEditarGasto.php on line 49
[30-Sep-2024 17:29:19 Europe/Berlin] PHP Warning:  Undefined array key "csrf_token" in C:\xampp\htdocs\DWES\GastosEnFamilia\web\templates\formEditarGasto.php on line 49
[30-Sep-2024 17:36:35 Europe/Berlin] PHP Warning:  Undefined array key "csrf_token" in C:\xampp\htdocs\DWES\GastosEnFamilia\web\templates\formEditarGasto.php on line 49
[30-Sep-2024 17:36:43 Europe/Berlin] Administrador viendo situación financiera.
[30-Sep-2024 17:36:48 Europe/Berlin] Administrador viendo situación financiera.
[30-Sep-2024 17:36:52 Europe/Berlin] Administrador viendo situación financiera.
[30-Sep-2024 17:36:56 Europe/Berlin] Administrador viendo situación financiera.
[30-Sep-2024 17:37:00 Europe/Berlin] Administrador viendo situación financiera.
[30-Sep-2024 17:37:03 Europe/Berlin] Administrador viendo situación financiera.
[30-Sep-2024 17:37:48 Europe/Berlin] Fallo al insertar categoría de gasto: 'Servicios Streaming'.
[30-Sep-2024 17:46:15 Europe/Berlin] Administrador viendo situación financiera.
[30-Sep-2024 17:46:28 Europe/Berlin] Administrador viendo situación financiera.
[30-Sep-2024 17:46:32 Europe/Berlin] Administrador viendo situación financiera.
[30-Sep-2024 17:46:59 Europe/Berlin] PHP Notice:  session_start(): Ignoring session_start() because a session is already active in C:\xampp\htdocs\DWES\GastosEnFamilia\app\controlador\AuthController.php on line 99
[30-Sep-2024 17:46:59 Europe/Berlin] Sesión cerrada exitosamente.
[01-Oct-2024 17:27:02 Europe/Berlin] Usuario con alias Padre_OtraFamilia ha iniciado sesión correctamente.
[01-Oct-2024 17:27:21 Europe/Berlin] PHP Warning:  Undefined array key "csrf_token" in C:\xampp\htdocs\DWES\GastosEnFamilia\web\templates\formInsertarIngreso.php on line 50
[01-Oct-2024 17:28:15 Europe/Berlin] Fallo al insertar categoría de gasto: 'Ropa'.
[01-Oct-2024 17:29:34 Europe/Berlin] PHP Warning:  Undefined array key "csrf_token" in C:\xampp\htdocs\DWES\GastosEnFamilia\web\templates\formInsertarIngreso.php on line 50
[01-Oct-2024 17:29:57 Europe/Berlin] Administrador viendo situación financiera.
[01-Oct-2024 17:30:03 Europe/Berlin] Administrador viendo situación financiera.
[01-Oct-2024 17:30:14 Europe/Berlin] Fallo al insertar categoría de gasto: 'Ropa'.
[01-Oct-2024 17:43:03 Europe/Berlin] Categoría de gasto 'Ropa' creada por el usuario con id 43.
[01-Oct-2024 17:44:12 Europe/Berlin] PHP Warning:  Undefined array key "csrf_token" in C:\xampp\htdocs\DWES\GastosEnFamilia\web\templates\formEditarGasto.php on line 49
[01-Oct-2024 17:47:30 Europe/Berlin] PHP Warning:  Undefined array key "csrf_token" in C:\xampp\htdocs\DWES\GastosEnFamilia\web\templates\formEditarGasto.php on line 49
[01-Oct-2024 17:49:19 Europe/Berlin] PHP Warning:  Undefined array key "csrf_token" in C:\xampp\htdocs\DWES\GastosEnFamilia\web\templates\formInsertarIngreso.php on line 50
[01-Oct-2024 17:49:33 Europe/Berlin] PHP Warning:  require(C:\xampp\htdocs\DWES\GastosEnFamilia\app\controlador/../../web/templates/formEditarIngreso.php): Failed to open stream: No such file or directory in C:\xampp\htdocs\DWES\GastosEnFamilia\app\controlador\FinanzasController.php on line 260
[01-Oct-2024 17:49:33 Europe/Berlin] PHP Fatal error:  Uncaught Error: Failed opening required 'C:\xampp\htdocs\DWES\GastosEnFamilia\app\controlador/../../web/templates/formEditarIngreso.php' (include_path='C:\xampp\php\PEAR') in C:\xampp\htdocs\DWES\GastosEnFamilia\app\controlador\FinanzasController.php:260
Stack trace:
#0 C:\xampp\htdocs\DWES\GastosEnFamilia\app\controlador\FinanzasController.php(222): FinanzasController->render('formEditarIngre...', Array)
#1 C:\xampp\htdocs\DWES\GastosEnFamilia\index.php(106): FinanzasController->editarIngreso()
#2 {main}
  thrown in C:\xampp\htdocs\DWES\GastosEnFamilia\app\controlador\FinanzasController.php on line 260
[01-Oct-2024 17:56:19 Europe/Berlin] PHP Warning:  Undefined array key "csrf_token" in C:\xampp\htdocs\DWES\GastosEnFamilia\web\templates\formEditarIngreso.php on line 49
[01-Oct-2024 18:46:14 Europe/Berlin] Usuario con alias Padre_OtraFamilia ha iniciado sesión correctamente.
[01-Oct-2024 18:46:59 Europe/Berlin] PHP Warning:  Undefined array key "csrf_token" in C:\xampp\htdocs\DWES\GastosEnFamilia\web\templates\formEditarIngreso.php on line 49
[01-Oct-2024 18:54:42 Europe/Berlin] PHP Warning:  Undefined array key "csrf_token" in C:\xampp\htdocs\DWES\GastosEnFamilia\web\templates\formEditarIngreso.php on line 49
[01-Oct-2024 18:54:55 Europe/Berlin] PHP Warning:  Undefined array key "csrf_token" in C:\xampp\htdocs\DWES\GastosEnFamilia\web\templates\formEditarIngreso.php on line 49
[01-Oct-2024 19:01:04 Europe/Berlin] Actualizando ingreso con idCategoria: 
[01-Oct-2024 19:01:22 Europe/Berlin] PHP Warning:  Undefined array key "csrf_token" in C:\xampp\htdocs\DWES\GastosEnFamilia\web\templates\formEditarIngreso.php on line 49
[01-Oct-2024 19:11:34 Europe/Berlin] PHP Warning:  Undefined array key "csrf_token" in C:\xampp\htdocs\DWES\GastosEnFamilia\web\templates\formEditarIngreso.php on line 49
[01-Oct-2024 19:19:23 Europe/Berlin] Actualizando ingreso con idCategoria: 
[01-Oct-2024 19:20:46 Europe/Berlin] Usuario con alias Padre_OtraFamilia ha iniciado sesión correctamente.
[01-Oct-2024 19:21:00 Europe/Berlin] PHP Warning:  Undefined array key "csrf_token" in C:\xampp\htdocs\DWES\GastosEnFamilia\web\templates\formEditarIngreso.php on line 49
[01-Oct-2024 19:21:11 Europe/Berlin] Actualizando ingreso con idCategoria: 
[01-Oct-2024 19:22:40 Europe/Berlin] Actualizando ingreso con idCategoria: 
[01-Oct-2024 19:22:43 Europe/Berlin] PHP Warning:  Undefined array key "csrf_token" in C:\xampp\htdocs\DWES\GastosEnFamilia\web\templates\formEditarIngreso.php on line 49
[01-Oct-2024 19:22:51 Europe/Berlin] Actualizando ingreso con idCategoria: 
[01-Oct-2024 19:25:26 Europe/Berlin] Actualizando ingreso con idCategoria: 7
[01-Oct-2024 19:25:34 Europe/Berlin] PHP Warning:  Undefined array key "csrf_token" in C:\xampp\htdocs\DWES\GastosEnFamilia\web\templates\formEditarIngreso.php on line 49
[01-Oct-2024 19:26:02 Europe/Berlin] Actualizando ingreso con idCategoria: 4
[01-Oct-2024 19:26:31 Europe/Berlin] PHP Warning:  Undefined array key "csrf_token" in C:\xampp\htdocs\DWES\GastosEnFamilia\web\templates\formInsertarIngreso.php on line 50
[01-Oct-2024 19:27:20 Europe/Berlin] Administrador viendo situación financiera.
[01-Oct-2024 19:27:38 Europe/Berlin] Administrador viendo situación financiera.
[01-Oct-2024 19:27:46 Europe/Berlin] Administrador viendo situación financiera.
